2024-01-14 14:10:45,125 - INFO - Successfully retrieved the webpage.
2024-01-14 14:10:45,205 - INFO - Data scraped and saved to scraped_data.json
2024-01-14 14:18:27,594 - INFO - Successfully retrieved the webpage.
2024-01-14 14:18:51,752 - INFO - Successfully retrieved the webpage.
2024-01-14 14:18:58,285 - INFO - Successfully retrieved the webpage.
2024-01-14 14:20:02,689 - INFO - Successfully retrieved the webpage.
2024-01-14 14:21:27,119 - INFO - Data scraped and saved to scraped_data.json
2024-01-14 15:03:09,969 - INFO - Successfully retrieved the webpage: https://www.lankava.lt/tvirtinimo-detales?page=1
2024-01-14 15:03:59,211 - INFO - Successfully retrieved the webpage: https://www.lankava.lt/tvirtinimo-detales?page=1
2024-01-14 15:05:26,860 - INFO - Successfully retrieved the webpage: https://www.lankava.lt/tvirtinimo-detales?page=2
2024-01-14 15:06:55,110 - INFO - Successfully retrieved the webpage: https://www.lankava.lt/tvirtinimo-detales?page=3
2024-01-14 15:08:22,866 - INFO - Successfully retrieved the webpage: https://www.lankava.lt/tvirtinimo-detales?page=4
2024-01-14 15:09:50,457 - INFO - Successfully retrieved the webpage: https://www.lankava.lt/tvirtinimo-detales?page=5
2024-01-14 15:11:18,423 - INFO - Successfully retrieved the webpage: https://www.lankava.lt/tvirtinimo-detales?page=6
2024-01-14 15:12:46,254 - INFO - Successfully retrieved the webpage: https://www.lankava.lt/tvirtinimo-detales?page=7
2024-01-14 15:14:14,320 - INFO - Successfully retrieved the webpage: https://www.lankava.lt/tvirtinimo-detales?page=8
2024-01-14 15:15:41,974 - INFO - Successfully retrieved the webpage: https://www.lankava.lt/tvirtinimo-detales?page=9
2024-01-14 15:17:09,907 - INFO - Successfully retrieved the webpage: https://www.lankava.lt/tvirtinimo-detales?page=10
2024-01-14 15:18:34,359 - INFO - Data scraped and saved to scraped_data.json
2024-01-14 15:21:51,351 - INFO - Successfully retrieved the webpage: https://www.lankava.lt/tvirtinimo-detales?page=1
2024-01-14 15:21:56,560 - INFO - Successfully retrieved the webpage: https://www.lankava.lt/tvirtinimo-detales?page=2
2024-01-14 15:22:00,316 - INFO - Successfully retrieved the webpage: https://www.lankava.lt/tvirtinimo-detales?page=3
2024-01-14 15:22:03,898 - INFO - Successfully retrieved the webpage: https://www.lankava.lt/tvirtinimo-detales?page=4
2024-01-14 15:22:07,208 - INFO - Successfully retrieved the webpage: https://www.lankava.lt/tvirtinimo-detales?page=5
2024-01-14 15:22:07,289 - INFO - Data scraped and saved to scraped_data.json
2024-01-14 15:27:03,346 - INFO - Successfully retrieved the webpage: https://www.lankava.lt/tvirtinimo-detales?page=1
2024-01-14 15:27:06,583 - INFO - Successfully retrieved the webpage: https://www.lankava.lt/tvirtinimo-detales?page=2
2024-01-14 15:27:27,391 - INFO - Successfully retrieved the webpage: https://www.lankava.lt/tvirtinimo-detales?page=1
2024-01-14 15:27:30,217 - INFO - Successfully retrieved the webpage: https://www.lankava.lt/tvirtinimo-detales?page=2
2024-01-14 15:27:30,307 - INFO - Data scraped and saved to scraped_data.json
2024-01-14 15:30:41,909 - INFO - Successfully retrieved the webpage: https://tactix.pl/shop/?page=1
2024-01-14 15:30:42,078 - INFO - No more products found, assuming last page.
2024-01-14 15:30:42,079 - INFO - Data scraped and saved to scraped_data.json
2024-01-14 15:31:12,393 - INFO - Successfully retrieved the webpage: https://tactix.pl/shop/?page=1
2024-01-14 15:31:12,559 - INFO - No more products found, assuming last page.
2024-01-14 15:31:12,559 - INFO - Data scraped and saved to scraped_data.json
2024-01-14 15:31:23,537 - INFO - Successfully retrieved the webpage: https://tactix.pl/shop/?page=1
2024-01-14 15:31:23,695 - INFO - No more products found, assuming last page.
2024-01-14 15:31:23,695 - INFO - Data scraped and saved to scraped_data.json
2024-01-14 15:52:35,140 - INFO - Successfully retrieved the webpage: https://tactix.pl/shop/?page=1
2024-01-14 15:52:38,546 - INFO - Successfully retrieved the webpage: https://tactix.pl/shop/?page=2
2024-01-14 15:52:38,726 - INFO - Data scraped and saved to scraped_data.json
2024-01-14 21:27:20,661 - INFO - Successfully retrieved the webpage: https://www.lankava.lt/tvirtinimo-detales?page=1
2024-01-14 21:27:24,148 - INFO - Successfully retrieved the webpage: https://www.lankava.lt/tvirtinimo-detales?page=2
2024-01-14 21:27:24,240 - INFO - Data scraped and saved to scraped_data.json
2024-01-14 22:16:24,898 - INFO - Successfully retrieved the webpage: https://www.lankava.lt/tvirtinimo-detales?page=1
2024-01-14 22:16:28,562 - INFO - Successfully retrieved the webpage: https://www.lankava.lt/tvirtinimo-detales?page=2
2024-01-14 22:16:28,652 - INFO - Data scraped and saved to scraped_data.json
2024-01-14 22:17:14,968 - ERROR - Failed to retrieve the webpage: https://m.aruodas.lt/butai/vilniuje?page=1. Status code: 403
2024-01-14 22:17:14,969 - INFO - Data scraped and saved to scraped_data.json
2024-01-14 22:17:54,272 - ERROR - Failed to retrieve the webpage: https://m.aruodas.lt/butai/vilniuje?page=1. Status code: 403
2024-01-14 22:17:54,272 - INFO - Data scraped and saved to scraped_data.json
2024-01-14 22:18:06,094 - ERROR - Failed to retrieve the webpage: https://m.aruodas.lt/butai/vilniuje?page=1. Status code: 403
2024-01-14 22:18:06,097 - INFO - Data scraped and saved to scraped_data.json
2024-01-14 22:26:17,136 - ERROR - Failed to retrieve the webpage: https://m.aruodas.lt/butai/vilniuje?page=1. Status code: 403
2024-01-14 22:26:17,140 - INFO - Data scraped and saved to scraped_data.json
2024-01-14 22:26:35,615 - ERROR - Failed to retrieve the webpage: https://m.aruodas.lt/butai/vilniuje?page=1. Status code: 403
2024-01-14 22:26:35,617 - INFO - Data scraped and saved to scraped_data.json
2024-01-14 22:28:27,165 - INFO - Successfully retrieved the webpage: https://www.lankava.lt/tvirtinimo-detales?page=1
2024-01-14 22:28:30,970 - INFO - Successfully retrieved the webpage: https://www.lankava.lt/tvirtinimo-detales?page=2
2024-01-14 22:28:31,061 - INFO - Data scraped and saved to scraped_data.json
2024-01-14 22:37:46,935 - ERROR - Failed to retrieve the webpage: https://m.aruodas.lt/butai/vilniuje?page=1. Status code: 403
2024-01-14 22:37:46,936 - INFO - Data scraped and saved to scraped_data.json
2024-01-14 22:38:00,814 - ERROR - Failed to retrieve the webpage: https://m.aruodas.lt/butai/vilniuje?page=1. Status code: 403
2024-01-14 22:38:00,815 - INFO - Data scraped and saved to scraped_data.json
2024-01-14 22:38:07,596 - ERROR - Failed to retrieve the webpage: https://m.aruodas.lt/butai/vilniuje?page=1. Status code: 403
2024-01-14 22:38:07,597 - INFO - Data scraped and saved to scraped_data.json
2024-01-14 22:38:08,639 - ERROR - Failed to retrieve the webpage: https://m.aruodas.lt/butai/vilniuje?page=1. Status code: 403
2024-01-14 22:38:08,640 - INFO - Data scraped and saved to scraped_data.json
2024-01-14 22:38:13,418 - INFO - Successfully retrieved the webpage: https://m.aruodas.lt?page=1
2024-01-14 22:38:13,457 - INFO - No more products found, assuming last page.
2024-01-14 22:38:13,457 - INFO - Data scraped and saved to scraped_data.json
2024-01-14 22:38:16,511 - INFO - Successfully retrieved the webpage: https://m.aruodas.lt?page=1
2024-01-14 22:38:16,554 - INFO - No more products found, assuming last page.
2024-01-14 22:38:16,554 - INFO - Data scraped and saved to scraped_data.json
2024-01-14 22:39:22,779 - ERROR - Failed to retrieve the webpage: https://m.aruodas.lt/butai/vilniuje/?page=1. Status code: 403
2024-01-14 22:39:22,780 - INFO - Data scraped and saved to scraped_data.json
2024-01-14 22:40:15,483 - ERROR - Failed to retrieve the webpage: https://m.aruodas.lt/butai/vilniuje/?page=1. Status code: 403
2024-01-14 22:40:15,485 - INFO - Data scraped and saved to scraped_data.json
2024-01-14 22:40:31,932 - ERROR - Failed to retrieve the webpage: https://m.aruodas.lt/butai/vilniuje/?page=1. Status code: 403
2024-01-14 22:40:31,932 - INFO - Data scraped and saved to scraped_data.json
2024-01-14 22:40:43,758 - ERROR - Failed to retrieve the webpage: https://m.aruodas.lt/butai/vilniuje/?page=1. Status code: 403
2024-01-14 22:40:43,759 - INFO - Data scraped and saved to scraped_data.json
2024-01-15 21:11:55,752 - INFO - Successfully retrieved the webpage: https://www.lankava.lt/tvirtinimo-detales?page=1
2024-01-15 21:11:58,521 - INFO - Successfully retrieved the webpage: https://www.lankava.lt/tvirtinimo-detales?page=2
2024-01-15 21:12:01,676 - INFO - Successfully retrieved the webpage: https://www.lankava.lt/tvirtinimo-detales?page=3
2024-01-15 21:12:04,623 - INFO - Successfully retrieved the webpage: https://www.lankava.lt/tvirtinimo-detales?page=4
2024-01-15 21:12:07,560 - INFO - Successfully retrieved the webpage: https://www.lankava.lt/tvirtinimo-detales?page=5
2024-01-15 21:12:10,985 - INFO - Successfully retrieved the webpage: https://www.lankava.lt/tvirtinimo-detales?page=6
2024-01-15 21:12:13,793 - INFO - Successfully retrieved the webpage: https://www.lankava.lt/tvirtinimo-detales?page=7
2024-01-15 21:12:15,987 - INFO - Successfully retrieved the webpage: https://www.lankava.lt/tvirtinimo-detales?page=8
2024-01-15 21:12:19,230 - INFO - Successfully retrieved the webpage: https://www.lankava.lt/tvirtinimo-detales?page=9
2024-01-15 21:12:22,255 - INFO - Successfully retrieved the webpage: https://www.lankava.lt/tvirtinimo-detales?page=10
2024-01-15 21:12:24,927 - INFO - Successfully retrieved the webpage: https://www.lankava.lt/tvirtinimo-detales?page=11
2024-01-15 21:12:27,786 - INFO - Successfully retrieved the webpage: https://www.lankava.lt/tvirtinimo-detales?page=12
2024-01-15 21:12:30,656 - INFO - Successfully retrieved the webpage: https://www.lankava.lt/tvirtinimo-detales?page=13
2024-01-15 21:12:33,728 - INFO - Successfully retrieved the webpage: https://www.lankava.lt/tvirtinimo-detales?page=14
2024-01-15 21:12:36,652 - INFO - Successfully retrieved the webpage: https://www.lankava.lt/tvirtinimo-detales?page=15
2024-01-15 21:12:36,751 - INFO - Data scraped and saved to scraped_data.json
